2026-02-09T11:21:28.060-03:00  INFO 13952 --- [nobs] [main] com.example.nobs.NobsApplication         : Starting NobsApplication using Java 22.0.1 with PID 13952 (D:\Programação\Intellij\IdeaProjects\nobs\target\classes started by Gabriel in D:\Programação\Intellij\IdeaProjects\nobs)
2026-02-09T11:21:28.068-03:00  INFO 13952 --- [nobs] [main] com.example.nobs.NobsApplication         : No active profile set, falling back to 1 default profile: "default"
2026-02-09T11:21:29.168-03:00  INFO 13952 --- [nobs] [main] .s.d.r.c.RepositoryConfigurationDelegate : Bootstrapping Spring Data JPA repositories in DEFAULT mode.
2026-02-09T11:21:29.237-03:00  INFO 13952 --- [nobs] [main] .s.d.r.c.RepositoryConfigurationDelegate : Finished Spring Data repository scanning in 56 ms. Found 2 JPA repository interfaces.
2026-02-09T11:21:30.051-03:00  INFO 13952 --- [nobs] [main] o.s.boot.tomcat.TomcatWebServer          : Tomcat initialized with port 8080 (http)
2026-02-09T11:21:30.190-03:00  INFO 13952 --- [nobs] [main] b.w.c.s.WebApplicationContextInitializer : Root WebApplicationContext: initialization completed in 2061 ms
2026-02-09T11:21:30.373-03:00  INFO 13952 --- [nobs] [main] com.zaxxer.hikari.HikariDataSource       : HikariPool-1 - Starting...
2026-02-09T11:21:30.970-03:00  INFO 13952 --- [nobs] [main] com.zaxxer.hikari.pool.HikariPool        : HikariPool-1 - Added connection com.mysql.cj.jdbc.ConnectionImpl@6562cc23
2026-02-09T11:21:30.972-03:00  INFO 13952 --- [nobs] [main] com.zaxxer.hikari.HikariDataSource       : HikariPool-1 - Start completed.
2026-02-09T11:21:31.015-03:00  INFO 13952 --- [nobs] [main] org.hibernate.orm.jpa                    : HHH008540: Processing PersistenceUnitInfo [name: default]
2026-02-09T11:21:31.107-03:00  INFO 13952 --- [nobs] [main] org.hibernate.orm.core                   : HHH000001: Hibernate ORM core version 7.2.1.Final
2026-02-09T11:21:31.829-03:00  INFO 13952 --- [nobs] [main] o.s.o.j.p.SpringPersistenceUnitInfo      : No LoadTimeWeaver setup: ignoring JPA class transformer
2026-02-09T11:21:32.044-03:00  INFO 13952 --- [nobs] [main] org.hibernate.orm.connections.pooling    : HHH10001005: Database info:
	Database JDBC URL [jdbc:mysql://127.0.0.1:3306/nobs]
	Database driver: MySQL Connector/J
	Database dialect: MySQLDialect
	Database version: 8.0.45
	Default catalog/schema: nobs/undefined
	Autocommit mode: undefined/unknown
	Isolation level: REPEATABLE_READ [default REPEATABLE_READ]
	JDBC fetch size: none
	Pool: DataSourceConnectionProvider
	Minimum pool size: undefined/unknown
	Maximum pool size: undefined/unknown
2026-02-09T11:21:33.134-03:00  INFO 13952 --- [nobs] [main] org.hibernate.orm.core                   : HHH000489: No JTA platform available (set 'hibernate.transaction.jta.platform' to enable JTA platform integration)
2026-02-09T11:21:33.143-03:00  INFO 13952 --- [nobs] [main] j.LocalContainerEntityManagerFactoryBean : Initialized JPA EntityManagerFactory for persistence unit 'default'
2026-02-09T11:21:33.432-03:00  INFO 13952 --- [nobs] [main] o.s.d.j.r.query.QueryEnhancerFactories   : Hibernate is in classpath; If applicable, HQL parser will be used.
2026-02-09T11:21:35.284-03:00  WARN 13952 --- [nobs] [main] JpaBaseConfiguration$JpaWebConfiguration : spring.jpa.open-in-view is enabled by default. Therefore, database queries may be performed during view rendering. Explicitly configure spring.jpa.open-in-view to disable this warning
2026-02-09T11:21:35.935-03:00  INFO 13952 --- [nobs] [main] o.s.boot.tomcat.TomcatWebServer          : Tomcat started on port 8080 (http) with context path '/'
2026-02-09T11:21:35.948-03:00  INFO 13952 --- [nobs] [main] com.example.nobs.NobsApplication         : Started NobsApplication in 8.585 seconds (process running for 9.807)
2026-02-09T11:21:35.954-03:00  INFO 13952 --- [nobs] [SpringApplicationShutdownHook] o.s.boot.tomcat.GracefulShutdown         : Commencing graceful shutdown. Waiting for active requests to complete
2026-02-09T11:21:35.962-03:00  INFO 13952 --- [nobs] [tomcat-shutdown] o.s.boot.tomcat.GracefulShutdown         : Graceful shutdown complete
2026-02-09T11:21:35.965-03:00  INFO 13952 --- [nobs] [SpringApplicationShutdownHook] j.LocalContainerEntityManagerFactoryBean : Closing JPA EntityManagerFactory for persistence unit 'default'
2026-02-09T11:21:35.968-03:00  INFO 13952 --- [nobs] [SpringApplicationShutdownHook] com.zaxxer.hikari.HikariDataSource       : HikariPool-1 - Shutdown initiated...
2026-02-09T11:21:36.004-03:00  INFO 13952 --- [nobs] [SpringApplicationShutdownHook] com.zaxxer.hikari.HikariDataSource       : HikariPool-1 - Shutdown completed.
2026-02-09T11:22:47.819-03:00  INFO 13320 --- [nobs] [main] com.example.nobs.NobsApplication         : Starting NobsApplication using Java 22.0.1 with PID 13320 (D:\Programação\Intellij\IdeaProjects\nobs\target\classes started by Gabriel in D:\Programação\Intellij\IdeaProjects\nobs)
2026-02-09T11:22:47.823-03:00  INFO 13320 --- [nobs] [main] com.example.nobs.NobsApplication         : No active profile set, falling back to 1 default profile: "default"
2026-02-09T11:22:48.785-03:00  INFO 13320 --- [nobs] [main] .s.d.r.c.RepositoryConfigurationDelegate : Bootstrapping Spring Data JPA repositories in DEFAULT mode.
2026-02-09T11:22:48.856-03:00  INFO 13320 --- [nobs] [main] .s.d.r.c.RepositoryConfigurationDelegate : Finished Spring Data repository scanning in 59 ms. Found 2 JPA repository interfaces.
2026-02-09T11:22:49.641-03:00  INFO 13320 --- [nobs] [main] o.s.boot.tomcat.TomcatWebServer          : Tomcat initialized with port 8080 (http)
2026-02-09T11:22:49.658-03:00  INFO 13320 --- [nobs] [main] o.apache.catalina.core.StandardService   : Starting service [Tomcat]
2026-02-09T11:22:49.658-03:00  INFO 13320 --- [nobs] [main] o.apache.catalina.core.StandardEngine    : Starting Servlet engine: [Apache Tomcat/11.0.15]
2026-02-09T11:22:49.734-03:00  INFO 13320 --- [nobs] [main] b.w.c.s.WebApplicationContextInitializer : Root WebApplicationContext: initialization completed in 1857 ms
2026-02-09T11:22:49.927-03:00  INFO 13320 --- [nobs] [main] com.zaxxer.hikari.HikariDataSource       : HikariPool-1 - Starting...
2026-02-09T11:22:50.242-03:00  INFO 13320 --- [nobs] [main] com.zaxxer.hikari.pool.HikariPool        : HikariPool-1 - Added connection com.mysql.cj.jdbc.ConnectionImpl@226d5af0
2026-02-09T11:22:50.245-03:00  INFO 13320 --- [nobs] [main] com.zaxxer.hikari.HikariDataSource       : HikariPool-1 - Start completed.
2026-02-09T11:22:50.280-03:00  INFO 13320 --- [nobs] [main] org.hibernate.orm.jpa                    : HHH008540: Processing PersistenceUnitInfo [name: default]
2026-02-09T11:22:50.337-03:00  INFO 13320 --- [nobs] [main] org.hibernate.orm.core                   : HHH000001: Hibernate ORM core version 7.2.1.Final
2026-02-09T11:22:50.838-03:00  INFO 13320 --- [nobs] [main] o.s.o.j.p.SpringPersistenceUnitInfo      : No LoadTimeWeaver setup: ignoring JPA class transformer
2026-02-09T11:22:50.938-03:00  INFO 13320 --- [nobs] [main] org.hibernate.orm.connections.pooling    : HHH10001005: Database info:
	Database JDBC URL [jdbc:mysql://127.0.0.1:3306/nobs]
	Database driver: MySQL Connector/J
	Database dialect: MySQLDialect
	Database version: 8.0.45
	Default catalog/schema: nobs/undefined
	Autocommit mode: undefined/unknown
	Isolation level: REPEATABLE_READ [default REPEATABLE_READ]
	JDBC fetch size: none
	Pool: DataSourceConnectionProvider
	Minimum pool size: undefined/unknown
	Maximum pool size: undefined/unknown
2026-02-09T11:22:51.784-03:00  INFO 13320 --- [nobs] [main] org.hibernate.orm.core                   : HHH000489: No JTA platform available (set 'hibernate.transaction.jta.platform' to enable JTA platform integration)
2026-02-09T11:22:51.791-03:00  INFO 13320 --- [nobs] [main] j.LocalContainerEntityManagerFactoryBean : Initialized JPA EntityManagerFactory for persistence unit 'default'
2026-02-09T11:22:51.935-03:00  INFO 13320 --- [nobs] [main] o.s.d.j.r.query.QueryEnhancerFactories   : Hibernate is in classpath; If applicable, HQL parser will be used.
2026-02-09T11:22:52.675-03:00  WARN 13320 --- [nobs] [main] JpaBaseConfiguration$JpaWebConfiguration : spring.jpa.open-in-view is enabled by default. Therefore, database queries may be performed during view rendering. Explicitly configure spring.jpa.open-in-view to disable this warning
2026-02-09T11:22:53.034-03:00  INFO 13320 --- [nobs] [main] o.s.boot.tomcat.TomcatWebServer          : Tomcat started on port 8080 (http) with context path '/'
2026-02-09T11:22:53.042-03:00  INFO 13320 --- [nobs] [main] com.example.nobs.NobsApplication         : Started NobsApplication in 5.875 seconds (process running for 6.42)
2026-02-09T11:23:16.739-03:00  INFO 13320 --- [nobs] [http-nio-8080-exec-2] o.a.c.c.C.[Tomcat].[localhost].[/]       : Initializing Spring DispatcherServlet 'dispatcherServlet'
2026-02-09T11:23:16.739-03:00  INFO 13320 --- [nobs] [http-nio-8080-exec-2] o.s.web.servlet.DispatcherServlet        : Initializing Servlet 'dispatcherServlet'
2026-02-09T11:23:16.741-03:00  INFO 13320 --- [nobs] [http-nio-8080-exec-2] o.s.web.servlet.DispatcherServlet        : Completed initialization in 2 ms
2026-02-09T11:25:21.630-03:00  INFO 13320 --- [nobs] [SpringApplicationShutdownHook] o.s.boot.tomcat.GracefulShutdown         : Commencing graceful shutdown. Waiting for active requests to complete
2026-02-09T11:25:21.636-03:00  INFO 13320 --- [nobs] [tomcat-shutdown] o.s.boot.tomcat.GracefulShutdown         : Graceful shutdown complete
2026-02-09T11:25:21.639-03:00  INFO 13320 --- [nobs] [SpringApplicationShutdownHook] j.LocalContainerEntityManagerFactoryBean : Closing JPA EntityManagerFactory for persistence unit 'default'
2026-02-09T11:25:21.642-03:00  INFO 13320 --- [nobs] [SpringApplicationShutdownHook] com.zaxxer.hikari.HikariDataSource       : HikariPool-1 - Shutdown initiated...
2026-02-09T11:25:21.648-03:00  INFO 13320 --- [nobs] [SpringApplicationShutdownHook] com.zaxxer.hikari.HikariDataSource       : HikariPool-1 - Shutdown completed.
